{"/Users/rdley/Desktop/rea-challenge/src/components/HoverButton/HoverButton.tsx": {"path":"/Users/rdley/Desktop/rea-challenge/src/components/HoverButton/HoverButton.tsx","statementMap":{"0":{"start":{"line":9,"column":57},"end":{"line":9,"column":62}},"1":{"start":{"line":10,"column":1},"end":{"line":24,"column":2}}},"fnMap":{"0":{"name":"(anonymous_0)","decl":{"start":{"line":8,"column":15},"end":{"line":8,"column":16}},"loc":{"start":{"line":8,"column":44},"end":{"line":25,"column":1}},"line":8}},"branchMap":{},"s":{"0":1,"1":1},"f":{"0":1},"b":{},"_coverageSchema":"1a1c01bbd47fc00a2c39e90264f33305004495a9","hash":"cfffdac3973d2f5eac18f003b558ef48fc872c94"}
}
